<?xml version="1.0" encoding="UTF-8"?>
<!-- Generated by org.testng.reporters.JUnitXMLReporter -->
<testsuite hostname="LM-BWI-00871652" name="Command line test" tests="1" failures="1" timestamp="5 Mar 2016 07:55:36 GMT" time="0.031" errors="0">
  <testcase name="testShop" time="0.014" classname="com.demo.project.service.impl.ShopServiceImplTest">
    <failure type="java.lang.NullPointerException">
      <![CDATA[java.lang.NullPointerException
	at com.demo.project.service.impl.ShopServiceImpl.findById(ShopServiceImpl.java:29)
	at com.demo.project.service.impl.ShopServiceImplTest.testShop(ShopServiceImplTest.java:12)
... Removed 34 stack frames]]>
    </failure>
  </testcase> <!-- testShop -->
</testsuite> <!-- Command line test -->
