-------------------------------------------------------------------------------
Test set: TestSuite
-------------------------------------------------------------------------------
Tests run: 1, Failures: 1, Errors: 0, Skipped: 0, Time elapsed: 0.331 sec <<< FAILURE!
testShop(com.demo.project.service.impl.ShopServiceImplTest)  Time elapsed: 0.015 sec  <<< FAILURE!
java.lang.NullPointerException
	at com.demo.project.service.impl.ShopServiceImpl.findById(ShopServiceImpl.java:29)
	at com.demo.project.service.impl.ShopServiceImplTest.testShop(ShopServiceImplTest.java:12)

